# Logfile created on 2014-01-18 16:16:44 +0700 by logger.rb/31641
I, [2014-01-18T16:16:44.290819 #684]  INFO -- : 0:  builder (3.2.2) from /Users/ThanhNguyen/.rvm/gems/ruby-1.9.3-p448/specifications/builder-3.2.2.gemspec
I, [2014-01-18T16:16:44.299269 #684]  INFO -- : 0:  mime-types (2.0) from /Users/ThanhNguyen/.rvm/gems/ruby-1.9.3-p448/specifications/mime-types-2.0.gemspec
I, [2014-01-18T16:16:44.299939 #684]  INFO -- : 0:  mini_portile (0.5.2) from /Users/ThanhNguyen/.rvm/gems/ruby-1.9.3-p448/specifications/mini_portile-0.5.2.gemspec
I, [2014-01-18T16:16:44.300531 #684]  INFO -- : 0:  nokogiri (1.6.1) from /Users/ThanhNguyen/.rvm/gems/ruby-1.9.3-p448/specifications/nokogiri-1.6.1.gemspec
I, [2014-01-18T16:16:44.301099 #684]  INFO -- : 0:  rack (1.5.2) from /Users/ThanhNguyen/.rvm/gems/ruby-1.9.3-p448/specifications/rack-1.5.2.gemspec
I, [2014-01-18T16:16:44.301837 #684]  INFO -- : 0:  rack-test (0.6.2) from /Users/ThanhNguyen/.rvm/gems/ruby-1.9.3-p448/specifications/rack-test-0.6.2.gemspec
I, [2014-01-18T16:16:44.302589 #684]  INFO -- : 0:  xpath (2.0.0) from /Users/ThanhNguyen/.rvm/gems/ruby-1.9.3-p448/specifications/xpath-2.0.0.gemspec
I, [2014-01-18T16:16:48.743341 #684]  INFO -- : 0:  capybara (2.2.1) from /Users/ThanhNguyen/.rvm/gems/ruby-1.9.3-p448/specifications/capybara-2.2.1.gemspec
I, [2014-01-18T16:16:48.743874 #684]  INFO -- : 0:  ffi (1.9.3) from /Users/ThanhNguyen/.rvm/gems/ruby-1.9.3-p448/specifications/ffi-1.9.3.gemspec
I, [2014-01-18T16:16:52.380772 #684]  INFO -- : 0:  childprocess (0.4.0) from /Users/ThanhNguyen/.rvm/gems/ruby-1.9.3-p448/specifications/childprocess-0.4.0.gemspec
I, [2014-01-18T16:16:55.839376 #684]  INFO -- : 0:  columnize (0.3.6) from /Users/ThanhNguyen/.rvm/gems/ruby-1.9.3-p448/specifications/columnize-0.3.6.gemspec
I, [2014-01-18T16:16:55.839856 #684]  INFO -- : 0:  diff-lcs (1.2.5) from /Users/ThanhNguyen/.rvm/gems/ruby-1.9.3-p448/specifications/diff-lcs-1.2.5.gemspec
I, [2014-01-18T16:16:59.337435 #684]  INFO -- : 0:  multi_json (1.8.4) from /Users/ThanhNguyen/.rvm/gems/ruby-1.9.3-p448/specifications/multi_json-1.8.4.gemspec
I, [2014-01-18T16:16:59.337914 #684]  INFO -- : 0:  gherkin (2.12.2) from /Users/ThanhNguyen/.rvm/gems/ruby-1.9.3-p448/specifications/gherkin-2.12.2.gemspec
I, [2014-01-18T16:16:59.338232 #684]  INFO -- : 0:  multi_test (0.0.3) from /Users/ThanhNguyen/.rvm/gems/ruby-1.9.3-p448/specifications/multi_test-0.0.3.gemspec
I, [2014-01-18T16:16:59.338540 #684]  INFO -- : 0:  cucumber (1.3.10) from /Users/ThanhNguyen/.rvm/gems/ruby-1.9.3-p448/specifications/cucumber-1.3.10.gemspec
I, [2014-01-18T16:17:05.122005 #684]  INFO -- : 0:  cucumber-rails (1.3.0) from /Users/ThanhNguyen/.rvm/gems/ruby-1.9.3-p448/specifications/cucumber-rails-1.3.0.gemspec
I, [2014-01-18T16:17:07.946521 #684]  INFO -- : 0:  debugger-linecache (1.2.0) from /Users/ThanhNguyen/.rvm/gems/ruby-1.9.3-p448/specifications/debugger-linecache-1.2.0.gemspec
I, [2014-01-18T16:17:22.942309 #684]  INFO -- : 0:  debugger-ruby_core_source (1.3.1) from /Users/ThanhNguyen/.rvm/gems/ruby-1.9.3-p448/specifications/debugger-ruby_core_source-1.3.1.gemspec
I, [2014-01-18T16:17:30.961530 #684]  INFO -- : 0:  debugger (1.6.5) from /Users/ThanhNguyen/.rvm/gems/ruby-1.9.3-p448/specifications/debugger-1.6.5.gemspec
I, [2014-01-18T16:17:30.962069 #684]  INFO -- : 0:  rubyzip (1.1.0) from /Users/ThanhNguyen/.rvm/gems/ruby-1.9.3-p448/specifications/rubyzip-1.1.0.gemspec
I, [2014-01-18T16:17:30.962394 #684]  INFO -- : 0:  websocket (1.0.7) from /Users/ThanhNguyen/.rvm/gems/ruby-1.9.3-p448/specifications/websocket-1.0.7.gemspec
I, [2014-01-18T16:17:30.962705 #684]  INFO -- : 0:  selenium-webdriver (2.39.0) from /Users/ThanhNguyen/.rvm/gems/ruby-1.9.3-p448/specifications/selenium-webdriver-2.39.0.gemspec
I, [2014-01-18T16:17:30.962998 #684]  INFO -- : 0:  bundler (1.5.1) from /Users/ThanhNguyen/.rvm/gems/ruby-1.9.3-p448/specifications/bundler-1.5.1.gemspec
I, [2014-01-18T16:18:01.011079 #817]  INFO -- : 0:  builder (3.2.2) from /Users/ThanhNguyen/.rvm/gems/ruby-1.9.3-p448/specifications/builder-3.2.2.gemspec
I, [2014-01-18T16:18:01.011571 #817]  INFO -- : 0:  mime-types (2.0) from /Users/ThanhNguyen/.rvm/gems/ruby-1.9.3-p448/specifications/mime-types-2.0.gemspec
I, [2014-01-18T16:18:01.011986 #817]  INFO -- : 0:  mini_portile (0.5.2) from /Users/ThanhNguyen/.rvm/gems/ruby-1.9.3-p448/specifications/mini_portile-0.5.2.gemspec
I, [2014-01-18T16:18:01.012315 #817]  INFO -- : 0:  nokogiri (1.6.1) from /Users/ThanhNguyen/.rvm/gems/ruby-1.9.3-p448/specifications/nokogiri-1.6.1.gemspec
I, [2014-01-18T16:18:01.012628 #817]  INFO -- : 0:  rack (1.5.2) from /Users/ThanhNguyen/.rvm/gems/ruby-1.9.3-p448/specifications/rack-1.5.2.gemspec
I, [2014-01-18T16:18:01.012935 #817]  INFO -- : 0:  rack-test (0.6.2) from /Users/ThanhNguyen/.rvm/gems/ruby-1.9.3-p448/specifications/rack-test-0.6.2.gemspec
I, [2014-01-18T16:18:01.013242 #817]  INFO -- : 0:  xpath (2.0.0) from /Users/ThanhNguyen/.rvm/gems/ruby-1.9.3-p448/specifications/xpath-2.0.0.gemspec
I, [2014-01-18T16:18:01.013559 #817]  INFO -- : 0:  capybara (2.2.1) from /Users/ThanhNguyen/.rvm/gems/ruby-1.9.3-p448/specifications/capybara-2.2.1.gemspec
I, [2014-01-18T16:18:01.013871 #817]  INFO -- : 0:  ffi (1.9.3) from /Users/ThanhNguyen/.rvm/gems/ruby-1.9.3-p448/specifications/ffi-1.9.3.gemspec
I, [2014-01-18T16:18:01.014182 #817]  INFO -- : 0:  childprocess (0.4.0) from /Users/ThanhNguyen/.rvm/gems/ruby-1.9.3-p448/specifications/childprocess-0.4.0.gemspec
I, [2014-01-18T16:18:01.014489 #817]  INFO -- : 0:  columnize (0.3.6) from /Users/ThanhNguyen/.rvm/gems/ruby-1.9.3-p448/specifications/columnize-0.3.6.gemspec
I, [2014-01-18T16:18:01.014798 #817]  INFO -- : 0:  diff-lcs (1.2.5) from /Users/ThanhNguyen/.rvm/gems/ruby-1.9.3-p448/specifications/diff-lcs-1.2.5.gemspec
I, [2014-01-18T16:18:01.015108 #817]  INFO -- : 0:  multi_json (1.8.4) from /Users/ThanhNguyen/.rvm/gems/ruby-1.9.3-p448/specifications/multi_json-1.8.4.gemspec
I, [2014-01-18T16:18:01.015416 #817]  INFO -- : 0:  gherkin (2.12.2) from /Users/ThanhNguyen/.rvm/gems/ruby-1.9.3-p448/specifications/gherkin-2.12.2.gemspec
I, [2014-01-18T16:18:01.015727 #817]  INFO -- : 0:  multi_test (0.0.3) from /Users/ThanhNguyen/.rvm/gems/ruby-1.9.3-p448/specifications/multi_test-0.0.3.gemspec
I, [2014-01-18T16:18:01.016039 #817]  INFO -- : 0:  cucumber (1.3.10) from /Users/ThanhNguyen/.rvm/gems/ruby-1.9.3-p448/specifications/cucumber-1.3.10.gemspec
I, [2014-01-18T16:18:01.016344 #817]  INFO -- : 0:  cucumber-rails (1.3.0) from /Users/ThanhNguyen/.rvm/gems/ruby-1.9.3-p448/specifications/cucumber-rails-1.3.0.gemspec
I, [2014-01-18T16:18:01.016654 #817]  INFO -- : 0:  debugger-linecache (1.2.0) from /Users/ThanhNguyen/.rvm/gems/ruby-1.9.3-p448/specifications/debugger-linecache-1.2.0.gemspec
I, [2014-01-18T16:18:01.016968 #817]  INFO -- : 0:  debugger-ruby_core_source (1.3.1) from /Users/ThanhNguyen/.rvm/gems/ruby-1.9.3-p448/specifications/debugger-ruby_core_source-1.3.1.gemspec
I, [2014-01-18T16:18:01.017369 #817]  INFO -- : 0:  debugger (1.6.5) from /Users/ThanhNguyen/.rvm/gems/ruby-1.9.3-p448/specifications/debugger-1.6.5.gemspec
I, [2014-01-18T16:18:01.017773 #817]  INFO -- : 0:  rubyzip (1.1.0) from /Users/ThanhNguyen/.rvm/gems/ruby-1.9.3-p448/specifications/rubyzip-1.1.0.gemspec
I, [2014-01-18T16:18:01.018172 #817]  INFO -- : 0:  websocket (1.0.7) from /Users/ThanhNguyen/.rvm/gems/ruby-1.9.3-p448/specifications/websocket-1.0.7.gemspec
I, [2014-01-18T16:18:01.018568 #817]  INFO -- : 0:  selenium-webdriver (2.39.0) from /Users/ThanhNguyen/.rvm/gems/ruby-1.9.3-p448/specifications/selenium-webdriver-2.39.0.gemspec
I, [2014-01-18T16:18:01.018923 #817]  INFO -- : 0:  bundler (1.5.1) from /Users/ThanhNguyen/.rvm/gems/ruby-1.9.3-p448/specifications/bundler-1.5.1.gemspec
I, [2014-01-18T16:25:24.510982 #882]  INFO -- : 0:  builder (3.2.2) from /Users/ThanhNguyen/.rvm/gems/ruby-1.9.3-p448/specifications/builder-3.2.2.gemspec
I, [2014-01-18T16:25:24.511488 #882]  INFO -- : 0:  mime-types (2.0) from /Users/ThanhNguyen/.rvm/gems/ruby-1.9.3-p448/specifications/mime-types-2.0.gemspec
I, [2014-01-18T16:25:24.511860 #882]  INFO -- : 0:  mini_portile (0.5.2) from /Users/ThanhNguyen/.rvm/gems/ruby-1.9.3-p448/specifications/mini_portile-0.5.2.gemspec
I, [2014-01-18T16:25:24.512237 #882]  INFO -- : 0:  nokogiri (1.6.1) from /Users/ThanhNguyen/.rvm/gems/ruby-1.9.3-p448/specifications/nokogiri-1.6.1.gemspec
I, [2014-01-18T16:25:24.512563 #882]  INFO -- : 0:  rack (1.5.2) from /Users/ThanhNguyen/.rvm/gems/ruby-1.9.3-p448/specifications/rack-1.5.2.gemspec
I, [2014-01-18T16:25:24.512878 #882]  INFO -- : 0:  rack-test (0.6.2) from /Users/ThanhNguyen/.rvm/gems/ruby-1.9.3-p448/specifications/rack-test-0.6.2.gemspec
I, [2014-01-18T16:25:24.513235 #882]  INFO -- : 0:  xpath (2.0.0) from /Users/ThanhNguyen/.rvm/gems/ruby-1.9.3-p448/specifications/xpath-2.0.0.gemspec
I, [2014-01-18T16:25:24.513580 #882]  INFO -- : 0:  capybara (2.2.1) from /Users/ThanhNguyen/.rvm/gems/ruby-1.9.3-p448/specifications/capybara-2.2.1.gemspec
I, [2014-01-18T16:25:24.513931 #882]  INFO -- : 0:  ffi (1.9.3) from /Users/ThanhNguyen/.rvm/gems/ruby-1.9.3-p448/specifications/ffi-1.9.3.gemspec
I, [2014-01-18T16:25:24.514309 #882]  INFO -- : 0:  childprocess (0.4.0) from /Users/ThanhNguyen/.rvm/gems/ruby-1.9.3-p448/specifications/childprocess-0.4.0.gemspec
I, [2014-01-18T16:25:24.514643 #882]  INFO -- : 0:  columnize (0.3.6) from /Users/ThanhNguyen/.rvm/gems/ruby-1.9.3-p448/specifications/columnize-0.3.6.gemspec
I, [2014-01-18T16:25:24.514985 #882]  INFO -- : 0:  diff-lcs (1.2.5) from /Users/ThanhNguyen/.rvm/gems/ruby-1.9.3-p448/specifications/diff-lcs-1.2.5.gemspec
I, [2014-01-18T16:25:24.515332 #882]  INFO -- : 0:  multi_json (1.8.4) from /Users/ThanhNguyen/.rvm/gems/ruby-1.9.3-p448/specifications/multi_json-1.8.4.gemspec
I, [2014-01-18T16:25:24.515669 #882]  INFO -- : 0:  gherkin (2.12.2) from /Users/ThanhNguyen/.rvm/gems/ruby-1.9.3-p448/specifications/gherkin-2.12.2.gemspec
I, [2014-01-18T16:25:24.516041 #882]  INFO -- : 0:  multi_test (0.0.3) from /Users/ThanhNguyen/.rvm/gems/ruby-1.9.3-p448/specifications/multi_test-0.0.3.gemspec
I, [2014-01-18T16:25:24.516386 #882]  INFO -- : 0:  cucumber (1.3.10) from /Users/ThanhNguyen/.rvm/gems/ruby-1.9.3-p448/specifications/cucumber-1.3.10.gemspec
I, [2014-01-18T16:25:24.516739 #882]  INFO -- : 0:  cucumber-rails (1.3.0) from /Users/ThanhNguyen/.rvm/gems/ruby-1.9.3-p448/specifications/cucumber-rails-1.3.0.gemspec
I, [2014-01-18T16:25:24.517076 #882]  INFO -- : 0:  debugger-linecache (1.2.0) from /Users/ThanhNguyen/.rvm/gems/ruby-1.9.3-p448/specifications/debugger-linecache-1.2.0.gemspec
I, [2014-01-18T16:25:24.517445 #882]  INFO -- : 0:  debugger-ruby_core_source (1.3.1) from /Users/ThanhNguyen/.rvm/gems/ruby-1.9.3-p448/specifications/debugger-ruby_core_source-1.3.1.gemspec
I, [2014-01-18T16:25:24.517768 #882]  INFO -- : 0:  debugger (1.6.5) from /Users/ThanhNguyen/.rvm/gems/ruby-1.9.3-p448/specifications/debugger-1.6.5.gemspec
I, [2014-01-18T16:25:24.518100 #882]  INFO -- : 0:  rspec-expectations (2.14.4) from /Users/ThanhNguyen/.rvm/gems/ruby-1.9.3-p448/specifications/rspec-expectations-2.14.4.gemspec
I, [2014-01-18T16:25:24.518428 #882]  INFO -- : 0:  rubyzip (1.1.0) from /Users/ThanhNguyen/.rvm/gems/ruby-1.9.3-p448/specifications/rubyzip-1.1.0.gemspec
I, [2014-01-18T16:25:24.518762 #882]  INFO -- : 0:  websocket (1.0.7) from /Users/ThanhNguyen/.rvm/gems/ruby-1.9.3-p448/specifications/websocket-1.0.7.gemspec
I, [2014-01-18T16:25:24.519143 #882]  INFO -- : 0:  selenium-webdriver (2.39.0) from /Users/ThanhNguyen/.rvm/gems/ruby-1.9.3-p448/specifications/selenium-webdriver-2.39.0.gemspec
I, [2014-01-18T16:25:24.519458 #882]  INFO -- : 0:  bundler (1.5.1) from /Users/ThanhNguyen/.rvm/gems/ruby-1.9.3-p448/specifications/bundler-1.5.1.gemspec
I, [2014-02-19T16:51:29.157871 #8938]  INFO -- : 0:  builder (3.2.2) from /Users/ThanhNguyen/.rvm/gems/ruby-1.9.3-p448/specifications/builder-3.2.2.gemspec
I, [2014-02-19T16:51:29.160469 #8938]  INFO -- : 0:  mime-types (2.0) from /Users/ThanhNguyen/.rvm/gems/ruby-1.9.3-p448/specifications/mime-types-2.0.gemspec
I, [2014-02-19T16:51:29.161361 #8938]  INFO -- : 0:  mini_portile (0.5.2) from /Users/ThanhNguyen/.rvm/gems/ruby-1.9.3-p448/specifications/mini_portile-0.5.2.gemspec
I, [2014-02-19T16:51:29.161794 #8938]  INFO -- : 0:  nokogiri (1.6.1) from /Users/ThanhNguyen/.rvm/gems/ruby-1.9.3-p448/specifications/nokogiri-1.6.1.gemspec
I, [2014-02-19T16:51:29.162180 #8938]  INFO -- : 0:  rack (1.5.2) from /Users/ThanhNguyen/.rvm/gems/ruby-1.9.3-p448/specifications/rack-1.5.2.gemspec
I, [2014-02-19T16:51:29.162560 #8938]  INFO -- : 0:  rack-test (0.6.2) from /Users/ThanhNguyen/.rvm/gems/ruby-1.9.3-p448/specifications/rack-test-0.6.2.gemspec
I, [2014-02-19T16:51:29.163090 #8938]  INFO -- : 0:  xpath (2.0.0) from /Users/ThanhNguyen/.rvm/gems/ruby-1.9.3-p448/specifications/xpath-2.0.0.gemspec
I, [2014-02-19T16:51:29.163490 #8938]  INFO -- : 0:  capybara (2.2.1) from /Users/ThanhNguyen/.rvm/gems/ruby-1.9.3-p448/specifications/capybara-2.2.1.gemspec
I, [2014-02-19T16:51:29.163879 #8938]  INFO -- : 0:  ffi (1.9.3) from /Users/ThanhNguyen/.rvm/gems/ruby-1.9.3-p448/specifications/ffi-1.9.3.gemspec
I, [2014-02-19T16:51:29.164327 #8938]  INFO -- : 0:  childprocess (0.4.0) from /Users/ThanhNguyen/.rvm/gems/ruby-1.9.3-p448/specifications/childprocess-0.4.0.gemspec
I, [2014-02-19T16:51:29.164713 #8938]  INFO -- : 0:  columnize (0.3.6) from /Users/ThanhNguyen/.rvm/gems/ruby-1.9.3-p448/specifications/columnize-0.3.6.gemspec
I, [2014-02-19T16:51:29.165093 #8938]  INFO -- : 0:  diff-lcs (1.2.5) from /Users/ThanhNguyen/.rvm/gems/ruby-1.9.3-p448/specifications/diff-lcs-1.2.5.gemspec
I, [2014-02-19T16:51:29.165481 #8938]  INFO -- : 0:  multi_json (1.8.4) from /Users/ThanhNguyen/.rvm/gems/ruby-1.9.3-p448/specifications/multi_json-1.8.4.gemspec
I, [2014-02-19T16:51:29.165790 #8938]  INFO -- : 0:  gherkin (2.12.2) from /Users/ThanhNguyen/.rvm/gems/ruby-1.9.3-p448/specifications/gherkin-2.12.2.gemspec
I, [2014-02-19T16:51:29.166097 #8938]  INFO -- : 0:  multi_test (0.0.3) from /Users/ThanhNguyen/.rvm/gems/ruby-1.9.3-p448/specifications/multi_test-0.0.3.gemspec
I, [2014-02-19T16:51:29.166402 #8938]  INFO -- : 0:  cucumber (1.3.10) from /Users/ThanhNguyen/.rvm/gems/ruby-1.9.3-p448/specifications/cucumber-1.3.10.gemspec
I, [2014-02-19T16:51:29.166707 #8938]  INFO -- : 0:  cucumber-rails (1.3.0) from /Users/ThanhNguyen/.rvm/gems/ruby-1.9.3-p448/specifications/cucumber-rails-1.3.0.gemspec
I, [2014-02-19T16:51:29.167012 #8938]  INFO -- : 0:  debugger-linecache (1.2.0) from /Users/ThanhNguyen/.rvm/gems/ruby-1.9.3-p448/specifications/debugger-linecache-1.2.0.gemspec
I, [2014-02-19T16:51:29.167316 #8938]  INFO -- : 0:  debugger-ruby_core_source (1.3.1) from /Users/ThanhNguyen/.rvm/gems/ruby-1.9.3-p448/specifications/debugger-ruby_core_source-1.3.1.gemspec
I, [2014-02-19T16:51:29.167622 #8938]  INFO -- : 0:  debugger (1.6.5) from /Users/ThanhNguyen/.rvm/gems/ruby-1.9.3-p448/specifications/debugger-1.6.5.gemspec
I, [2014-02-19T16:51:29.167934 #8938]  INFO -- : 0:  rspec-expectations (2.14.4) from /Users/ThanhNguyen/.rvm/gems/ruby-1.9.3-p448/specifications/rspec-expectations-2.14.4.gemspec
I, [2014-02-19T16:51:29.168241 #8938]  INFO -- : 0:  rubyzip (1.1.0) from /Users/ThanhNguyen/.rvm/gems/ruby-1.9.3-p448/specifications/rubyzip-1.1.0.gemspec
I, [2014-02-19T16:51:29.168619 #8938]  INFO -- : 0:  websocket (1.0.7) from /Users/ThanhNguyen/.rvm/gems/ruby-1.9.3-p448/specifications/websocket-1.0.7.gemspec
I, [2014-02-19T16:51:29.168977 #8938]  INFO -- : 0:  selenium-webdriver (2.39.0) from /Users/ThanhNguyen/.rvm/gems/ruby-1.9.3-p448/specifications/selenium-webdriver-2.39.0.gemspec
I, [2014-02-19T16:51:29.169319 #8938]  INFO -- : 0:  bundler (1.5.1) from /Users/ThanhNguyen/.rvm/gems/ruby-1.9.3-p448/specifications/bundler-1.5.1.gemspec
I, [2014-02-19T17:09:39.592324 #9869]  INFO -- : 0:  builder (3.2.2) from /Users/ThanhNguyen/.rvm/gems/ruby-1.9.3-p448/specifications/builder-3.2.2.gemspec
I, [2014-02-19T17:09:39.594681 #9869]  INFO -- : 0:  mime-types (2.0) from /Users/ThanhNguyen/.rvm/gems/ruby-1.9.3-p448/specifications/mime-types-2.0.gemspec
I, [2014-02-19T17:09:39.595363 #9869]  INFO -- : 0:  mini_portile (0.5.2) from /Users/ThanhNguyen/.rvm/gems/ruby-1.9.3-p448/specifications/mini_portile-0.5.2.gemspec
I, [2014-02-19T17:09:39.595840 #9869]  INFO -- : 0:  nokogiri (1.6.1) from /Users/ThanhNguyen/.rvm/gems/ruby-1.9.3-p448/specifications/nokogiri-1.6.1.gemspec
I, [2014-02-19T17:09:39.596304 #9869]  INFO -- : 0:  rack (1.5.2) from /Users/ThanhNguyen/.rvm/gems/ruby-1.9.3-p448/specifications/rack-1.5.2.gemspec
I, [2014-02-19T17:09:39.596747 #9869]  INFO -- : 0:  rack-test (0.6.2) from /Users/ThanhNguyen/.rvm/gems/ruby-1.9.3-p448/specifications/rack-test-0.6.2.gemspec
I, [2014-02-19T17:09:39.597203 #9869]  INFO -- : 0:  xpath (2.0.0) from /Users/ThanhNguyen/.rvm/gems/ruby-1.9.3-p448/specifications/xpath-2.0.0.gemspec
I, [2014-02-19T17:09:39.597572 #9869]  INFO -- : 0:  capybara (2.2.1) from /Users/ThanhNguyen/.rvm/gems/ruby-1.9.3-p448/specifications/capybara-2.2.1.gemspec
I, [2014-02-19T17:09:39.597955 #9869]  INFO -- : 0:  ffi (1.9.3) from /Users/ThanhNguyen/.rvm/gems/ruby-1.9.3-p448/specifications/ffi-1.9.3.gemspec
I, [2014-02-19T17:09:39.598330 #9869]  INFO -- : 0:  childprocess (0.4.0) from /Users/ThanhNguyen/.rvm/gems/ruby-1.9.3-p448/specifications/childprocess-0.4.0.gemspec
I, [2014-02-19T17:09:39.598680 #9869]  INFO -- : 0:  columnize (0.3.6) from /Users/ThanhNguyen/.rvm/gems/ruby-1.9.3-p448/specifications/columnize-0.3.6.gemspec
I, [2014-02-19T17:09:39.599038 #9869]  INFO -- : 0:  diff-lcs (1.2.5) from /Users/ThanhNguyen/.rvm/gems/ruby-1.9.3-p448/specifications/diff-lcs-1.2.5.gemspec
I, [2014-02-19T17:09:39.599395 #9869]  INFO -- : 0:  multi_json (1.8.4) from /Users/ThanhNguyen/.rvm/gems/ruby-1.9.3-p448/specifications/multi_json-1.8.4.gemspec
I, [2014-02-19T17:09:39.599945 #9869]  INFO -- : 0:  gherkin (2.12.2) from /Users/ThanhNguyen/.rvm/gems/ruby-1.9.3-p448/specifications/gherkin-2.12.2.gemspec
I, [2014-02-19T17:09:39.600318 #9869]  INFO -- : 0:  multi_test (0.0.3) from /Users/ThanhNguyen/.rvm/gems/ruby-1.9.3-p448/specifications/multi_test-0.0.3.gemspec
I, [2014-02-19T17:09:39.600673 #9869]  INFO -- : 0:  cucumber (1.3.10) from /Users/ThanhNguyen/.rvm/gems/ruby-1.9.3-p448/specifications/cucumber-1.3.10.gemspec
I, [2014-02-19T17:09:39.601042 #9869]  INFO -- : 0:  cucumber-rails (1.3.0) from /Users/ThanhNguyen/.rvm/gems/ruby-1.9.3-p448/specifications/cucumber-rails-1.3.0.gemspec
I, [2014-02-19T17:09:39.601442 #9869]  INFO -- : 0:  debugger-linecache (1.2.0) from /Users/ThanhNguyen/.rvm/gems/ruby-1.9.3-p448/specifications/debugger-linecache-1.2.0.gemspec
I, [2014-02-19T17:09:39.601799 #9869]  INFO -- : 0:  debugger-ruby_core_source (1.3.1) from /Users/ThanhNguyen/.rvm/gems/ruby-1.9.3-p448/specifications/debugger-ruby_core_source-1.3.1.gemspec
I, [2014-02-19T17:09:39.602150 #9869]  INFO -- : 0:  debugger (1.6.5) from /Users/ThanhNguyen/.rvm/gems/ruby-1.9.3-p448/specifications/debugger-1.6.5.gemspec
I, [2014-02-19T17:09:39.602502 #9869]  INFO -- : 0:  rspec-expectations (2.14.4) from /Users/ThanhNguyen/.rvm/gems/ruby-1.9.3-p448/specifications/rspec-expectations-2.14.4.gemspec
I, [2014-02-19T17:09:39.602854 #9869]  INFO -- : 0:  rubyzip (1.1.0) from /Users/ThanhNguyen/.rvm/gems/ruby-1.9.3-p448/specifications/rubyzip-1.1.0.gemspec
I, [2014-02-19T17:09:39.603206 #9869]  INFO -- : 0:  websocket (1.0.7) from /Users/ThanhNguyen/.rvm/gems/ruby-1.9.3-p448/specifications/websocket-1.0.7.gemspec
I, [2014-02-19T17:09:39.603562 #9869]  INFO -- : 0:  selenium-webdriver (2.39.0) from /Users/ThanhNguyen/.rvm/gems/ruby-1.9.3-p448/specifications/selenium-webdriver-2.39.0.gemspec
I, [2014-02-19T17:09:39.603896 #9869]  INFO -- : 0:  bundler (1.5.1) from /Users/ThanhNguyen/.rvm/gems/ruby-1.9.3-p448/specifications/bundler-1.5.1.gemspec
I, [2014-02-19T18:10:51.583105 #12927]  INFO -- : 0:  builder (3.2.2) from /Users/ThanhNguyen/.rvm/gems/ruby-1.9.3-p448/specifications/builder-3.2.2.gemspec
I, [2014-02-19T18:10:51.587067 #12927]  INFO -- : 0:  mime-types (2.0) from /Users/ThanhNguyen/.rvm/gems/ruby-1.9.3-p448/specifications/mime-types-2.0.gemspec
I, [2014-02-19T18:10:51.587754 #12927]  INFO -- : 0:  mini_portile (0.5.2) from /Users/ThanhNguyen/.rvm/gems/ruby-1.9.3-p448/specifications/mini_portile-0.5.2.gemspec
I, [2014-02-19T18:10:51.588414 #12927]  INFO -- : 0:  nokogiri (1.6.1) from /Users/ThanhNguyen/.rvm/gems/ruby-1.9.3-p448/specifications/nokogiri-1.6.1.gemspec
I, [2014-02-19T18:10:51.589041 #12927]  INFO -- : 0:  rack (1.5.2) from /Users/ThanhNguyen/.rvm/gems/ruby-1.9.3-p448/specifications/rack-1.5.2.gemspec
I, [2014-02-19T18:10:51.589739 #12927]  INFO -- : 0:  rack-test (0.6.2) from /Users/ThanhNguyen/.rvm/gems/ruby-1.9.3-p448/specifications/rack-test-0.6.2.gemspec
I, [2014-02-19T18:10:51.590394 #12927]  INFO -- : 0:  xpath (2.0.0) from /Users/ThanhNguyen/.rvm/gems/ruby-1.9.3-p448/specifications/xpath-2.0.0.gemspec
I, [2014-02-19T18:10:51.590875 #12927]  INFO -- : 0:  capybara (2.2.1) from /Users/ThanhNguyen/.rvm/gems/ruby-1.9.3-p448/specifications/capybara-2.2.1.gemspec
I, [2014-02-19T18:10:51.591373 #12927]  INFO -- : 0:  ffi (1.9.3) from /Users/ThanhNguyen/.rvm/gems/ruby-1.9.3-p448/specifications/ffi-1.9.3.gemspec
I, [2014-02-19T18:10:51.591813 #12927]  INFO -- : 0:  childprocess (0.4.0) from /Users/ThanhNguyen/.rvm/gems/ruby-1.9.3-p448/specifications/childprocess-0.4.0.gemspec
I, [2014-02-19T18:10:51.592208 #12927]  INFO -- : 0:  diff-lcs (1.2.5) from /Users/ThanhNguyen/.rvm/gems/ruby-1.9.3-p448/specifications/diff-lcs-1.2.5.gemspec
I, [2014-02-19T18:10:51.592599 #12927]  INFO -- : 0:  multi_json (1.8.4) from /Users/ThanhNguyen/.rvm/gems/ruby-1.9.3-p448/specifications/multi_json-1.8.4.gemspec
I, [2014-02-19T18:10:51.593012 #12927]  INFO -- : 0:  gherkin (2.12.2) from /Users/ThanhNguyen/.rvm/gems/ruby-1.9.3-p448/specifications/gherkin-2.12.2.gemspec
I, [2014-02-19T18:10:51.593440 #12927]  INFO -- : 0:  multi_test (0.0.3) from /Users/ThanhNguyen/.rvm/gems/ruby-1.9.3-p448/specifications/multi_test-0.0.3.gemspec
I, [2014-02-19T18:10:51.593962 #12927]  INFO -- : 0:  cucumber (1.3.10) from /Users/ThanhNguyen/.rvm/gems/ruby-1.9.3-p448/specifications/cucumber-1.3.10.gemspec
I, [2014-02-19T18:10:51.594384 #12927]  INFO -- : 0:  cucumber-rails (1.3.0) from /Users/ThanhNguyen/.rvm/gems/ruby-1.9.3-p448/specifications/cucumber-rails-1.3.0.gemspec
I, [2014-02-19T18:10:51.594777 #12927]  INFO -- : 0:  rspec-expectations (2.14.4) from /Users/ThanhNguyen/.rvm/gems/ruby-1.9.3-p448/specifications/rspec-expectations-2.14.4.gemspec
I, [2014-02-19T18:10:51.595191 #12927]  INFO -- : 0:  rubyzip (1.1.0) from /Users/ThanhNguyen/.rvm/gems/ruby-1.9.3-p448/specifications/rubyzip-1.1.0.gemspec
I, [2014-02-19T18:10:51.595677 #12927]  INFO -- : 0:  websocket (1.0.7) from /Users/ThanhNguyen/.rvm/gems/ruby-1.9.3-p448/specifications/websocket-1.0.7.gemspec
I, [2014-02-19T18:10:51.596121 #12927]  INFO -- : 0:  selenium-webdriver (2.39.0) from /Users/ThanhNguyen/.rvm/gems/ruby-1.9.3-p448/specifications/selenium-webdriver-2.39.0.gemspec
I, [2014-02-19T18:10:51.596682 #12927]  INFO -- : 0:  bundler (1.5.1) from /Users/ThanhNguyen/.rvm/gems/ruby-1.9.3-p448/specifications/bundler-1.5.1.gemspec
I, [2014-02-21T12:10:02.157666 #1066]  INFO -- : 0:  builder (3.2.2) from /Users/ThanhNguyen/.rvm/gems/ruby-1.9.3-p448/specifications/builder-3.2.2.gemspec
I, [2014-02-21T12:10:02.166981 #1066]  INFO -- : 0:  bundler (1.5.1) from /Users/ThanhNguyen/.rvm/gems/ruby-1.9.3-p448/specifications/bundler-1.5.1.gemspec
I, [2014-02-21T12:10:02.167615 #1066]  INFO -- : 0:  mime-types (2.0) from /Users/ThanhNguyen/.rvm/gems/ruby-1.9.3-p448/specifications/mime-types-2.0.gemspec
I, [2014-02-21T12:10:02.168112 #1066]  INFO -- : 0:  mini_portile (0.5.2) from /Users/ThanhNguyen/.rvm/gems/ruby-1.9.3-p448/specifications/mini_portile-0.5.2.gemspec
I, [2014-02-21T12:10:02.168616 #1066]  INFO -- : 0:  nokogiri (1.6.1) from /Users/ThanhNguyen/.rvm/gems/ruby-1.9.3-p448/specifications/nokogiri-1.6.1.gemspec
I, [2014-02-21T12:10:02.169090 #1066]  INFO -- : 0:  rack (1.5.2) from /Users/ThanhNguyen/.rvm/gems/ruby-1.9.3-p448/specifications/rack-1.5.2.gemspec
I, [2014-02-21T12:10:02.169552 #1066]  INFO -- : 0:  rack-test (0.6.2) from /Users/ThanhNguyen/.rvm/gems/ruby-1.9.3-p448/specifications/rack-test-0.6.2.gemspec
I, [2014-02-21T12:10:02.170026 #1066]  INFO -- : 0:  xpath (2.0.0) from /Users/ThanhNguyen/.rvm/gems/ruby-1.9.3-p448/specifications/xpath-2.0.0.gemspec
I, [2014-02-21T12:10:02.170502 #1066]  INFO -- : 0:  capybara (2.2.1) from /Users/ThanhNguyen/.rvm/gems/ruby-1.9.3-p448/specifications/capybara-2.2.1.gemspec
I, [2014-02-21T12:10:02.170905 #1066]  INFO -- : 0:  ffi (1.9.3) from /Users/ThanhNguyen/.rvm/gems/ruby-1.9.3-p448/specifications/ffi-1.9.3.gemspec
I, [2014-02-21T12:10:02.171317 #1066]  INFO -- : 0:  childprocess (0.4.0) from /Users/ThanhNguyen/.rvm/gems/ruby-1.9.3-p448/specifications/childprocess-0.4.0.gemspec
I, [2014-02-21T12:10:02.171709 #1066]  INFO -- : 0:  cmdparse (2.0.5) from /Users/ThanhNguyen/.rvm/gems/ruby-1.9.3-p448/specifications/cmdparse-2.0.5.gemspec
I, [2014-02-21T12:10:02.172103 #1066]  INFO -- : 0:  diff-lcs (1.2.5) from /Users/ThanhNguyen/.rvm/gems/ruby-1.9.3-p448/specifications/diff-lcs-1.2.5.gemspec
I, [2014-02-21T12:10:02.172505 #1066]  INFO -- : 0:  multi_json (1.8.4) from /Users/ThanhNguyen/.rvm/gems/ruby-1.9.3-p448/specifications/multi_json-1.8.4.gemspec
I, [2014-02-21T12:10:02.172861 #1066]  INFO -- : 0:  gherkin (2.12.2) from /Users/ThanhNguyen/.rvm/gems/ruby-1.9.3-p448/specifications/gherkin-2.12.2.gemspec
I, [2014-02-21T12:10:02.173185 #1066]  INFO -- : 0:  multi_test (0.0.3) from /Users/ThanhNguyen/.rvm/gems/ruby-1.9.3-p448/specifications/multi_test-0.0.3.gemspec
I, [2014-02-21T12:10:02.173525 #1066]  INFO -- : 0:  cucumber (1.3.10) from /Users/ThanhNguyen/.rvm/gems/ruby-1.9.3-p448/specifications/cucumber-1.3.10.gemspec
I, [2014-02-21T12:10:02.173846 #1066]  INFO -- : 0:  highline (1.6.20) from /Users/ThanhNguyen/.rvm/gems/ruby-1.9.3-p448/specifications/highline-1.6.20.gemspec
I, [2014-02-21T12:10:02.174171 #1066]  INFO -- : 0:  json (1.8.1) from /Users/ThanhNguyen/.rvm/gems/ruby-1.9.3-p448/specifications/json-1.8.1.gemspec
I, [2014-02-21T12:10:02.174536 #1066]  INFO -- : 0:  net-http-persistent (2.9) from /Users/ThanhNguyen/.rvm/gems/ruby-1.9.3-p448/specifications/net-http-persistent-2.9.gemspec
I, [2014-02-21T12:10:02.174885 #1066]  INFO -- : 0:  net-ssh (2.7.0) from /Users/ThanhNguyen/.rvm/gems/ruby-1.9.3-p448/specifications/net-ssh-2.7.0.gemspec
I, [2014-02-21T12:10:02.180820 #1066]  INFO -- : 0:  net-ssh-gateway (1.2.0) from /Users/ThanhNguyen/.rvm/gems/ruby-1.9.3-p448/specifications/net-ssh-gateway-1.2.0.gemspec
I, [2014-02-21T12:10:02.181306 #1066]  INFO -- : 0:  parallel (0.9.1) from /Users/ThanhNguyen/.rvm/gems/ruby-1.9.3-p448/specifications/parallel-0.9.1.gemspec
I, [2014-02-21T12:10:02.181727 #1066]  INFO -- : 0:  parallel_tests (0.16.5) from /Users/ThanhNguyen/.rvm/gems/ruby-1.9.3-p448/specifications/parallel_tests-0.16.5.gemspec
I, [2014-02-21T12:10:02.182095 #1066]  INFO -- : 0:  rest-client (1.6.7) from /Users/ThanhNguyen/.rvm/gems/ruby-1.9.3-p448/specifications/rest-client-1.6.7.gemspec
I, [2014-02-21T12:10:02.182524 #1066]  INFO -- : 0:  rspec-core (2.14.7) from /Users/ThanhNguyen/.rvm/gems/ruby-1.9.3-p448/specifications/rspec-core-2.14.7.gemspec
I, [2014-02-21T12:10:02.182893 #1066]  INFO -- : 0:  rspec-expectations (2.14.5) from /Users/ThanhNguyen/.rvm/gems/ruby-1.9.3-p448/specifications/rspec-expectations-2.14.5.gemspec
I, [2014-02-21T12:10:02.183239 #1066]  INFO -- : 0:  rspec-mocks (2.14.5) from /Users/ThanhNguyen/.rvm/gems/ruby-1.9.3-p448/specifications/rspec-mocks-2.14.5.gemspec
I, [2014-02-21T12:10:02.183568 #1066]  INFO -- : 0:  rspec (2.14.1) from /Users/ThanhNguyen/.rvm/gems/ruby-1.9.3-p448/specifications/rspec-2.14.1.gemspec
I, [2014-02-21T12:10:02.183898 #1066]  INFO -- : 0:  rubyzip (1.1.0) from /Users/ThanhNguyen/.rvm/gems/ruby-1.9.3-p448/specifications/rubyzip-1.1.0.gemspec
I, [2014-02-21T12:10:02.184229 #1066]  INFO -- : 0:  sauce_whisk (0.0.10) from /Users/ThanhNguyen/.rvm/gems/ruby-1.9.3-p448/specifications/sauce_whisk-0.0.10.gemspec
I, [2014-02-21T12:10:02.184617 #1066]  INFO -- : 0:  websocket (1.0.7) from /Users/ThanhNguyen/.rvm/gems/ruby-1.9.3-p448/specifications/websocket-1.0.7.gemspec
I, [2014-02-21T12:10:02.185010 #1066]  INFO -- : 0:  selenium-webdriver (2.39.0) from /Users/ThanhNguyen/.rvm/gems/ruby-1.9.3-p448/specifications/selenium-webdriver-2.39.0.gemspec
I, [2014-02-21T12:10:02.185347 #1066]  INFO -- : 0:  sauce (3.3.0) from /Users/ThanhNguyen/.rvm/gems/ruby-1.9.3-p448/specifications/sauce-3.3.0.gemspec
I, [2014-02-21T12:10:02.185705 #1066]  INFO -- : 0:  sauce-connect (3.2.0) from /Users/ThanhNguyen/.rvm/gems/ruby-1.9.3-p448/specifications/sauce-connect-3.2.0.gemspec
I, [2014-02-21T12:10:02.186063 #1066]  INFO -- : 0:  sauce-cucumber (3.3.0) from /Users/ThanhNguyen/.rvm/gems/ruby-1.9.3-p448/specifications/sauce-cucumber-3.3.0.gemspec
